[2013-11-07 00:33:20] START
[2013-11-07 00:36:27] EDIT FirstApp/controllers/default.py: 0
[2013-11-07 00:37:42] EDIT FirstApp/controllers/default.py: 0
[2013-11-07 00:38:42] EDIT FirstApp/controllers/default.py: 0
[2013-11-07 01:02:24] EDIT FirstApp/views/layout.html: 0
[2013-11-07 01:02:38] EDIT FirstApp/views/layout.html: 0
[2013-11-07 01:03:00] EDIT FirstApp/views/layout.html: -1
[2013-11-07 01:03:12] EDIT FirstApp/views/layout.html: 1
[2013-11-07 02:04:22] EDIT FirstApp/views/default/index.html: -9
[2013-11-07 02:05:04] EDIT FirstApp/views/default/index.html: -1
[2013-11-07 02:05:26] EDIT FirstApp/views/default/index.html: 3
[2013-11-07 02:05:53] EDIT FirstApp/views/default/index.html: -3
[2013-11-07 02:06:49] EDIT FirstApp/views/default/index.html: -10
[2013-11-07 02:07:12] EDIT FirstApp/views/default/index.html: 1
[2013-11-07 02:07:53] EDIT FirstApp/views/default/index.html: 2
[2013-11-07 02:08:01] EDIT FirstApp/views/default/index.html: 0
[2013-11-07 02:09:33] EDIT FirstApp/controllers/default.py: 0
[2013-11-07 02:10:03] EDIT FirstApp/views/default/index.html: 0
[2013-11-07 02:10:38] EDIT FirstApp/views/default/index.html: 0
[2013-11-07 02:10:59] EDIT FirstApp/views/default/index.html: 0
[2013-11-07 02:12:19] EDIT FirstApp/views/default/index.html: 0
[2013-11-07 02:22:22] EDIT FirstApp/models/menu.py: 0
[2013-11-07 02:22:39] EDIT FirstApp/models/menu.py: 0
[2013-11-07 02:23:01] EDIT FirstApp/models/menu.py: 0
[2013-11-07 02:23:22] EDIT FirstApp/models/menu.py: 0
[2013-11-07 02:24:18] EDIT FirstApp/models/menu.py: 0
[2013-11-07 02:25:07] EDIT FirstApp/views/default/index.html: 0
[2013-11-07 02:25:32] EDIT FirstApp/views/default/index.html: -1
[2013-11-07 02:26:56] EDIT FirstApp/models/menu.py: 0
[2013-11-07 02:27:02] EDIT FirstApp/models/menu.py: 0
[2013-11-07 02:29:20] EDIT FirstApp/views/layout.html: -6
[2013-11-07 02:30:49] EDIT FirstApp/views/layout.html: 5
[2013-11-07 02:31:13] EDIT FirstApp/models/menu.py: 0
[2013-11-07 02:31:21] EDIT FirstApp/models/menu.py: 0
[2013-11-07 02:31:30] EDIT FirstApp/models/menu.py: 0
[2013-11-07 02:34:27] EDIT FirstApp/views/layout.html: 0
[2013-11-07 02:35:25] EDIT FirstApp/views/layout.html: 2
[2013-11-07 02:37:40] EDIT FirstApp/views/layout.html: -2
[2013-11-07 02:37:45] EDIT FirstApp/views/layout.html: 0
[2013-11-07 02:38:06] EDIT FirstApp/views/layout.html: 0
[2013-11-07 02:40:06] EDIT FirstApp/views/layout.html: 0
[2013-11-07 02:47:56] EDIT FirstApp/views/layout.html: -7
[2013-11-07 02:48:09] EDIT FirstApp/views/layout.html: -1
[2013-11-07 02:48:12] EDIT FirstApp/views/layout.html: 0
[2013-11-07 02:48:25] EDIT FirstApp/views/layout.html: 3
[2013-11-07 02:48:50] EDIT FirstApp/views/layout.html: 5
[2013-11-07 02:54:02] EDIT FirstApp/views/layout.html: 0
[2013-11-07 02:54:15] EDIT FirstApp/views/layout.html: 0
[2013-11-07 02:54:26] EDIT FirstApp/views/layout.html: 0
[2013-11-07 02:59:48] EDIT FirstApp/views/layout.html: -3
[2013-11-07 03:00:09] EDIT FirstApp/views/layout.html: 3
[2013-11-07 03:00:36] EDIT FirstApp/views/layout.html: 0
[2013-11-07 03:00:55] EDIT FirstApp/views/layout.html: 0
[2013-11-07 03:16:43] EDIT FirstApp/views/layout.html: 0
[2013-11-07 03:25:51] EDIT FirstApp/views/default/index.html: 1
[2013-11-07 03:26:08] EDIT FirstApp/views/default/index.html: 0
[2013-11-07 03:26:21] EDIT FirstApp/views/default/index.html: 0
[2013-11-07 03:27:00] EDIT FirstApp/views/default/index.html: -1
[2013-11-07 03:27:19] EDIT FirstApp/views/layout.html: 1
[2013-11-07 03:27:24] EDIT FirstApp/views/layout.html: -1
[2013-11-07 03:27:51] EDIT FirstApp/views/layout.html: 0
[2013-11-07 03:28:05] EDIT FirstApp/views/layout.html: 5
[2013-11-07 03:28:23] EDIT FirstApp/views/layout.html: 0
[2013-11-07 03:28:35] EDIT FirstApp/views/layout.html: 0
[2013-11-07 03:29:16] EDIT FirstApp/views/layout.html: -4
[2013-11-07 03:29:36] EDIT FirstApp/views/layout.html: 0
[2013-11-07 03:29:44] EDIT FirstApp/views/layout.html: 0
[2013-11-07 03:30:48] EDIT FirstApp/views/layout.html: 0
[2013-11-07 03:31:11] EDIT FirstApp/views/layout.html: 0
[2013-11-07 03:33:21] EDIT FirstApp/views/layout.html: 0
[2013-11-07 03:33:40] EDIT FirstApp/views/layout.html: 0
[2013-11-07 03:33:42] EDIT FirstApp/views/layout.html: 0
[2013-11-07 03:33:45] EDIT FirstApp/views/layout.html: 0
[2013-11-07 03:34:04] EDIT FirstApp/views/layout.html: 0
[2013-11-07 03:35:25] EDIT FirstApp/views/layout.html: -1
[2013-11-07 03:38:11] EDIT FirstApp/views/layout.html: 1
[2013-11-07 03:38:38] EDIT FirstApp/views/layout.html: 0
[2013-11-07 03:38:41] EDIT FirstApp/views/layout.html: 0
[2013-11-07 03:39:02] EDIT FirstApp/views/layout.html: 0
[2013-11-07 03:41:43] EDIT FirstApp/views/layout.html: 0
[2013-11-07 03:43:11] EDIT FirstApp/views/layout.html: -1
[2013-11-07 03:43:17] EDIT FirstApp/views/default/index.html: 1
[2013-11-07 03:44:06] EDIT FirstApp/views/default/index.html: 0
[2013-11-07 03:44:49] EDIT FirstApp/views/default/index.html: 0
[2013-11-07 03:45:31] EDIT FirstApp/views/default/index.html: 0
[2013-11-07 03:45:53] EDIT FirstApp/views/default/index.html: 0
[2013-11-07 03:46:44] EDIT FirstApp/views/default/index.html: -1
[2013-11-07 03:46:50] EDIT FirstApp/views/default/index.html: 0
[2013-11-08 01:06:04] EDIT FirstApp/views/layout.html: -4
[2013-11-08 01:07:25] EDIT FirstApp/views/layout.html: 4
[2013-11-08 01:08:27] EDIT FirstApp/models/menu.py: 0
[2013-11-08 01:09:31] EDIT FirstApp/models/menu.py: 0
[2013-11-08 01:09:35] EDIT FirstApp/models/menu.py: 0
[2013-11-08 01:10:37] EDIT FirstApp/models/menu.py: 0
[2013-11-08 01:24:30] EDIT FirstApp/models/menu.py: 0
[2013-11-08 01:24:59] EDIT FirstApp/models/menu.py: 0
[2013-11-08 21:50:02] EDIT FirstApp/views/layout.html: 0
[2013-11-08 21:51:29] EDIT FirstApp/views/layout.html: 0
[2013-11-08 21:52:19] EDIT FirstApp/views/layout.html: 0
[2013-11-08 21:52:21] EDIT FirstApp/views/layout.html: 0
[2013-11-08 21:52:23] EDIT FirstApp/views/layout.html: 0
[2013-11-08 22:17:20] EDIT FirstApp/views/layout.html: 0
[2013-11-08 22:22:40] EDIT FirstApp/views/layout.html: 0
[2013-11-08 22:22:43] EDIT FirstApp/views/layout.html: 0
[2013-11-08 22:23:42] EDIT FirstApp/views/layout.html: 0
[2013-11-08 22:25:35] EDIT FirstApp/views/layout.html: 0
[2013-11-08 22:38:22] EDIT FirstApp/views/layout.html: 0
[2013-11-08 23:00:45] EDIT FirstApp/views/layout.html: 0
[2013-11-08 23:16:20] EDIT FirstApp/views/layout.html: 0
[2013-11-08 23:18:30] EDIT FirstApp/models/db.py: 1
[2013-11-08 23:18:38] EDIT FirstApp/models/db.py: 0
[2013-11-08 23:24:54] EDIT FirstApp/models/db.py: 1
[2013-11-08 23:25:35] EDIT FirstApp/views/layout.html: 0
[2013-11-08 23:28:05] EDIT FirstApp/views/layout.html: 0
[2013-11-08 23:29:18] EDIT FirstApp/views/default/user.html: 0
[2013-11-08 23:29:49] EDIT FirstApp/views/layout.html: 0
[2013-11-08 23:29:59] EDIT FirstApp/views/layout.html: 0
[2013-11-08 23:30:30] EDIT FirstApp/models/db.py: -1
[2013-11-08 23:31:23] EDIT FirstApp/models/db.py: 0
[2013-11-08 23:34:37] EDIT FirstApp/controllers/default.py: 9
[2013-11-09 00:01:38] EDIT FirstApp/controllers/default.py: 2
[2013-11-09 00:04:04] EDIT FirstApp/controllers/default.py: 3
[2013-11-09 00:04:18] EDIT FirstApp/controllers/default.py: 0
[2013-11-09 00:09:01] EDIT FirstApp/controllers/default.py: 0
[2013-11-09 00:09:08] EDIT FirstApp/controllers/default.py: 0
[2013-11-09 00:10:47] EDIT FirstApp/controllers/default.py: 0
[2013-11-09 00:12:46] EDIT FirstApp/views/layout.html: 0
[2013-11-09 00:13:40] EDIT FirstApp/controllers/default.py: 0
[2013-11-09 00:13:53] EDIT FirstApp/controllers/default.py: 0
[2013-11-09 00:14:37] EDIT FirstApp/controllers/default.py: 5
[2013-11-09 00:18:01] EDIT FirstApp/controllers/default.py: -7
[2013-11-09 00:18:41] EDIT FirstApp/controllers/default.py: 0
[2013-11-09 00:34:58] EDIT FirstApp/controllers/default.py: 1
[2013-11-09 00:35:47] EDIT FirstApp/controllers/default.py: 12
[2013-11-09 00:38:53] EDIT FirstApp/controllers/default.py: 0
[2013-11-09 00:39:40] EDIT FirstApp/controllers/default.py: 2
[2013-11-09 00:41:10] EDIT FirstApp/models/menu.py: 0
[2013-11-09 00:42:30] EDIT FirstApp/controllers/default.py: -2
[2013-11-09 00:42:36] EDIT FirstApp/controllers/default.py: 0
[2013-11-09 00:42:45] EDIT FirstApp/controllers/default.py: -12
[2013-11-09 22:26:44] EDIT FirstApp/models/db.py: 23
[2013-11-09 22:26:55] EDIT FirstApp/models/db.py: 0
[2013-11-09 22:28:15] EDIT FirstApp/models/db.py: 0
[2013-11-09 22:29:51] EDIT FirstApp/models/db.py: 0
[2013-11-09 22:30:21] EDIT FirstApp/models/db.py: 0
[2013-11-09 22:33:39] EDIT FirstApp/models/db.py: 5
[2013-11-09 22:33:52] EDIT FirstApp/models/db.py: 0
[2013-11-09 22:34:06] EDIT FirstApp/models/db.py: 0
[2013-11-10 00:43:31] EDIT FirstApp/views/default/index.html: 0
[2013-11-10 00:55:46] EDIT FirstApp/models/menu.py: 0
[2013-11-10 00:56:17] EDIT FirstApp/models/menu.py: 0
[2013-11-10 00:56:44] EDIT FirstApp/models/menu.py: 0
[2013-11-10 02:01:29] EDIT FirstApp/models/menu.py: 6
[2013-11-10 02:01:39] EDIT FirstApp/models/menu.py: 0
[2013-11-10 02:02:05] EDIT FirstApp/models/menu.py: 0
[2013-11-10 02:02:51] EDIT FirstApp/models/menu.py: 0
[2013-11-10 02:02:56] EDIT FirstApp/models/menu.py: 0
[2013-11-10 02:03:36] EDIT FirstApp/models/menu.py: -1
[2013-11-10 02:04:11] EDIT FirstApp/models/menu.py: 0
[2013-11-10 02:04:15] EDIT FirstApp/models/menu.py: 0
[2013-11-10 02:06:16] EDIT FirstApp/models/db.py: 0
[2013-11-10 02:08:24] EDIT FirstApp/models/menu.py: 0
[2013-11-10 02:08:45] EDIT FirstApp/models/menu.py: 0
[2013-11-10 02:13:21] EDIT FirstApp/models/menu.py: 0
[2013-11-10 02:14:19] EDIT FirstApp/models/menu.py: 0
[2013-11-10 02:15:38] EDIT FirstApp/models/menu.py: 0
[2013-11-10 02:15:42] EDIT FirstApp/models/menu.py: 0
[2013-11-10 02:20:10] EDIT FirstApp/models/menu.py: 0
[2013-11-10 02:20:34] EDIT FirstApp/models/menu.py: 0
[2013-11-10 02:23:09] EDIT FirstApp/controllers/default.py: -1
[2013-11-10 02:23:42] EDIT FirstApp/controllers/default.py: 0
[2013-11-10 02:25:37] EDIT FirstApp/controllers/default.py: 0
[2013-11-10 02:26:54] EDIT FirstApp/controllers/default.py: 0
[2013-11-10 02:27:20] EDIT FirstApp/controllers/default.py: 0
[2013-11-10 02:32:27] EDIT FirstApp/controllers/default.py: 1
[2013-11-10 02:32:47] EDIT FirstApp/controllers/default.py: 2
[2013-11-10 02:33:19] EDIT FirstApp/controllers/default.py: 0
[2013-11-10 02:36:00] EDIT FirstApp/controllers/default.py: 1
[2013-11-10 02:47:57] EDIT FirstApp/models/db.py: 1
[2013-11-10 02:50:11] CREATE product_db.py: 0
[2013-11-10 02:52:58] EDIT FirstApp/models/product_db.py: 17
[2013-11-10 02:58:13] EDIT FirstApp/models/product_db.py: -2
[2013-11-10 02:58:23] EDIT FirstApp/models/product_db.py: 0
[2013-11-10 03:00:53] EDIT FirstApp/models/product_db.py: 0
[2013-11-10 03:01:43] EDIT FirstApp/models/product_db.py: 0
[2013-11-10 03:02:14] EDIT FirstApp/models/product_db.py: 0
[2013-11-10 03:04:00] EDIT FirstApp/controllers/default.py: 1
[2013-11-10 03:06:23] EDIT FirstApp/controllers/default.py: 1
[2013-11-10 03:07:28] EDIT FirstApp/controllers/default.py: 4
[2013-11-10 03:07:30] EDIT FirstApp/controllers/default.py: 0
[2013-11-10 03:07:36] EDIT FirstApp/controllers/default.py: 0
[2013-11-10 03:09:23] EDIT FirstApp/controllers/default.py: 1
[2013-11-10 03:09:36] EDIT FirstApp/controllers/default.py: 1
[2013-11-10 03:09:38] EDIT FirstApp/controllers/default.py: 0
[2013-11-10 03:10:02] EDIT FirstApp/views/default/new_entry.html: 1
[2013-11-10 03:10:40] EDIT FirstApp/controllers/default.py: 0
[2013-11-10 03:12:18] EDIT FirstApp/controllers/default.py: 0
[2013-11-10 03:13:17] EDIT FirstApp/controllers/default.py: 1
[2013-11-10 03:13:32] EDIT FirstApp/controllers/default.py: 0
[2013-11-10 03:13:57] EDIT FirstApp/controllers/default.py: 0
[2013-11-10 03:14:14] EDIT FirstApp/controllers/default.py: 1
[2013-11-10 03:14:18] EDIT FirstApp/controllers/default.py: -1
[2013-11-10 03:15:07] EDIT FirstApp/views/default/new_entry.html: 0
[2013-11-10 03:15:19] EDIT FirstApp/views/default/new_entry.html: 0
[2013-11-10 03:15:50] EDIT FirstApp/controllers/default.py: -4
[2013-11-10 03:24:22] EDIT FirstApp/controllers/default.py: 0
[2013-11-10 03:24:32] EDIT FirstApp/controllers/default.py: 0
[2013-11-10 03:25:37] EDIT FirstApp/controllers/default.py: 0
[2013-11-10 03:30:26] EDIT FirstApp/controllers/default.py: 1
[2013-11-10 03:31:05] EDIT FirstApp/controllers/default.py: 0
[2013-11-10 03:34:23] EDIT FirstApp/views/default/new_entry.html: 0
[2013-11-10 03:35:34] EDIT FirstApp/controllers/default.py: 0
[2013-11-10 03:42:42] EDIT FirstApp/controllers/default.py: 1
[2013-11-10 03:43:53] EDIT FirstApp/views/default/user.html: 1
[2013-11-10 03:44:27] EDIT FirstApp/controllers/default.py: 0
[2013-11-10 03:45:03] EDIT FirstApp/controllers/default.py: 0
[2013-11-10 03:45:41] EDIT FirstApp/views/default/new_entry.html: 0
[2013-11-10 03:45:56] EDIT FirstApp/controllers/default.py: 1
[2013-11-10 03:47:18] EDIT FirstApp/controllers/default.py: -1
[2013-11-10 03:47:22] EDIT FirstApp/controllers/default.py: 0
[2013-11-10 03:48:48] EDIT FirstApp/views/default/user.html: 2
[2013-11-10 03:51:02] EDIT FirstApp/views/default/user.html: 0
[2013-11-10 03:51:18] EDIT FirstApp/views/default/user.html: 0
[2013-11-10 03:55:33] EDIT FirstApp/views/default/user.html: -3
[2013-11-10 03:56:02] EDIT FirstApp/controllers/default.py: 1
[2013-11-10 03:56:07] EDIT FirstApp/controllers/default.py: 0
[2013-11-10 03:56:54] EDIT FirstApp/controllers/default.py: 0
[2013-11-10 03:57:07] EDIT FirstApp/views/default/user.html: 0
[2013-11-10 03:59:15] EDIT FirstApp/controllers/default.py: 0
[2013-11-10 04:03:28] EDIT FirstApp/views/default/user.html: 1
[2013-11-10 04:04:59] EDIT FirstApp/views/default/user.html: 0
[2013-11-10 04:05:09] EDIT FirstApp/views/default/user.html: 0
[2013-11-10 04:14:29] EDIT FirstApp/controllers/default.py: 0
[2013-11-10 04:15:41] EDIT FirstApp/views/default/user.html: -1
[2013-11-10 04:16:54] EDIT FirstApp/controllers/default.py: -1
[2013-11-10 04:20:59] EDIT FirstApp/controllers/default.py: 0
[2013-11-10 04:22:07] EDIT FirstApp/controllers/default.py: 0
[2013-11-10 04:37:17] EDIT FirstApp/controllers/default.py: 3
[2013-11-10 04:37:24] EDIT FirstApp/controllers/default.py: 0
[2013-11-10 04:39:56] EDIT FirstApp/controllers/default.py: -2
[2013-11-10 04:40:04] EDIT FirstApp/controllers/default.py: 0
[2013-11-10 04:41:00] EDIT FirstApp/controllers/default.py: 0
[2013-11-10 04:42:09] EDIT FirstApp/controllers/default.py: 0
[2013-11-10 04:43:20] EDIT FirstApp/views/default/user.html: 2
[2013-11-10 04:44:05] EDIT FirstApp/views/default/user.html: 1
[2013-11-10 04:45:28] EDIT FirstApp/views/default/user.html: -3
[2013-11-10 04:46:53] EDIT FirstApp/controllers/default.py: 0
[2013-11-10 04:47:22] EDIT FirstApp/controllers/default.py: 0
[2013-11-10 04:47:56] EDIT FirstApp/controllers/default.py: 0
[2013-11-10 04:50:35] EDIT FirstApp/controllers/default.py: 0
[2013-11-10 04:51:03] EDIT FirstApp/controllers/default.py: 1
[2013-11-10 04:51:57] EDIT FirstApp/views/default/user.html: 1
[2013-11-10 04:52:06] EDIT FirstApp/views/default/user.html: 0
[2013-11-10 04:52:26] EDIT FirstApp/views/default/user.html: 0
[2013-11-10 04:53:45] EDIT FirstApp/views/default/user.html: 0
[2013-11-10 04:55:34] EDIT FirstApp/views/default/user.html: 0
[2013-11-10 04:56:31] EDIT FirstApp/views/default/user.html: 1
[2013-11-10 04:56:37] EDIT FirstApp/views/default/user.html: 0
[2013-11-10 04:57:30] EDIT FirstApp/views/default/user.html: -1
[2013-11-10 04:59:58] EDIT FirstApp/controllers/default.py: 0
[2013-11-10 05:01:24] EDIT FirstApp/views/default/user.html: 0
[2013-11-10 05:02:01] EDIT FirstApp/views/default/user.html: 1
[2013-11-10 05:02:43] EDIT FirstApp/views/default/user.html: 1
[2013-11-10 05:03:13] EDIT FirstApp/views/default/user.html: 0
[2013-11-10 05:03:32] EDIT FirstApp/views/default/user.html: -2
[2013-11-10 05:03:59] EDIT FirstApp/controllers/default.py: 0
[2013-11-10 05:04:16] EDIT FirstApp/controllers/default.py: 0
[2013-11-10 05:04:32] EDIT FirstApp/controllers/default.py: 0
[2013-11-10 05:05:24] EDIT FirstApp/views/default/user.html: 1
[2013-11-10 05:06:04] EDIT FirstApp/views/default/user.html: -1
[2013-11-10 05:06:33] EDIT FirstApp/views/default/user.html: 0
[2013-11-10 05:06:46] EDIT FirstApp/views/default/user.html: 1
[2013-11-10 05:06:50] EDIT FirstApp/views/default/user.html: 0
[2013-11-10 05:07:16] EDIT FirstApp/views/default/user.html: 1
[2013-11-10 05:07:30] EDIT FirstApp/views/default/user.html: 1
[2013-11-10 05:08:28] EDIT FirstApp/views/default/user.html: -1
[2013-11-10 05:08:50] EDIT FirstApp/views/default/user.html: 0
[2013-11-10 05:09:12] EDIT FirstApp/views/default/user.html: 1
[2013-11-10 05:09:24] EDIT FirstApp/views/default/user.html: -2
[2013-11-10 05:09:37] EDIT FirstApp/views/default/user.html: -1
[2013-11-10 05:10:46] EDIT FirstApp/controllers/default.py: 0
[2013-11-10 05:11:23] EDIT FirstApp/controllers/default.py: 0
[2013-11-10 05:12:37] EDIT FirstApp/controllers/default.py: 0
[2013-11-10 05:16:59] EDIT FirstApp/controllers/default.py: -1
[2013-11-10 05:18:33] EDIT FirstApp/controllers/default.py: 0
[2013-11-11 00:47:11] EDIT FirstApp/controllers/default.py: 5
[2013-11-11 00:48:18] EDIT FirstApp/controllers/default.py: 1
[2013-11-11 00:48:20] EDIT FirstApp/controllers/default.py: 0
[2013-11-11 00:50:19] EDIT FirstApp/views/default/dispatch.html: -2
[2013-11-11 00:50:41] EDIT FirstApp/views/default/dispatch.html: -1
[2013-11-11 00:52:51] EDIT FirstApp/controllers/default.py: 0
[2013-11-11 00:53:37] EDIT FirstApp/models/product_db.py: 1
[2013-11-11 00:53:41] EDIT FirstApp/models/product_db.py: 0
[2013-11-11 00:57:59] EDIT FirstApp/views/default/dispatch.html: -1
[2013-11-11 00:58:05] EDIT FirstApp/views/default/dispatch.html: -1
[2013-11-11 00:58:19] EDIT FirstApp/views/default/dispatch.html: 1
[2013-11-11 00:58:21] EDIT FirstApp/views/default/dispatch.html: 0
[2013-11-11 00:58:36] EDIT FirstApp/views/default/dispatch.html: 2
[2013-11-11 01:00:31] EDIT FirstApp/controllers/default.py: 0
[2013-11-11 01:01:03] EDIT FirstApp/controllers/default.py: 0
[2013-11-11 01:01:28] EDIT FirstApp/views/default/dispatch.html: 0
[2013-11-11 01:02:08] EDIT FirstApp/views/default/dispatch.html: 0
[2013-11-11 01:04:34] EDIT FirstApp/controllers/default.py: 1
[2013-11-11 01:09:04] EDIT FirstApp/views/default/dispatch.html: 0
[2013-11-11 01:09:55] EDIT FirstApp/views/default/dispatch.html: 0
[2013-11-11 01:10:01] EDIT FirstApp/views/default/dispatch.html: 0
[2013-11-11 01:10:27] EDIT FirstApp/views/default/dispatch.html: 0
[2013-11-11 01:11:01] EDIT FirstApp/views/default/dispatch.html: 0
[2013-11-11 01:33:29] EDIT FirstApp/views/default/dispatch.html: 1
[2013-11-11 01:36:39] EDIT FirstApp/views/default/dispatch.html: 7
[2013-11-11 01:39:01] EDIT FirstApp/views/default/dispatch.html: 6
[2013-11-11 01:39:02] EDIT FirstApp/views/default/dispatch.html: 0
[2013-11-11 01:39:20] EDIT FirstApp/views/default/dispatch.html: 0
[2013-11-11 01:39:57] EDIT FirstApp/views/default/dispatch.html: 0
[2013-11-11 01:41:06] EDIT FirstApp/views/layout.html: 17
[2013-11-11 01:42:01] EDIT FirstApp/views/layout.html: 1
[2013-11-11 01:43:06] EDIT FirstApp/views/layout.html: 0
[2013-11-11 01:44:13] EDIT FirstApp/views/default/dispatch.html: 0
[2013-11-11 01:48:09] EDIT FirstApp/views/default/dispatch.html: -1
[2013-11-11 01:48:14] EDIT FirstApp/views/default/dispatch.html: 0
[2013-11-11 01:48:26] EDIT FirstApp/views/default/dispatch.html: 0
[2013-11-11 01:49:42] EDIT FirstApp/views/layout.html: 4
[2013-11-11 01:50:45] EDIT FirstApp/views/layout.html: -1
[2013-11-11 01:51:37] EDIT FirstApp/views/layout.html: 0
[2013-11-11 01:52:07] EDIT FirstApp/views/layout.html: 0
[2013-11-11 01:52:23] EDIT FirstApp/views/layout.html: 0
[2013-11-11 01:59:05] EDIT FirstApp/views/default/dispatch.html: 0
[2013-11-11 02:00:19] EDIT FirstApp/views/default/dispatch.html: 0
[2013-11-11 02:11:29] EDIT FirstApp/views/default/confirm_dispatch.html: -3
[2013-11-11 02:13:24] EDIT FirstApp/controllers/default.py: 23
[2013-11-11 02:13:34] EDIT FirstApp/controllers/default.py: -14
[2013-11-11 02:14:32] EDIT FirstApp/controllers/default.py: -5
[2013-11-11 02:14:38] EDIT FirstApp/views/default/confirm_dispatch.html: -1
[2013-11-11 02:31:06] EDIT FirstApp/controllers/default.py: 2
[2013-11-11 02:31:15] EDIT FirstApp/controllers/default.py: 0
[2013-11-11 02:31:37] EDIT FirstApp/controllers/default.py: 1
[2013-11-11 02:32:57] EDIT FirstApp/controllers/default.py: 0
[2013-11-11 02:34:16] EDIT FirstApp/views/default/dispatch.html: 0
[2013-11-11 02:34:26] EDIT FirstApp/controllers/default.py: 0
[2013-11-11 02:35:02] EDIT FirstApp/views/default/confirm_dispatch.html: -1
[2013-11-11 02:37:27] EDIT FirstApp/controllers/default.py: 4
[2013-11-11 02:37:31] EDIT FirstApp/controllers/default.py: 0
[2013-11-11 02:43:31] EDIT FirstApp/controllers/default.py: 1
[2013-11-11 02:43:49] EDIT FirstApp/controllers/default.py: 0
[2013-11-11 02:44:16] EDIT FirstApp/controllers/default.py: 0
[2013-11-11 02:44:19] EDIT FirstApp/controllers/default.py: 0
[2013-11-11 02:46:06] EDIT FirstApp/controllers/default.py: 0
[2013-11-11 02:46:53] EDIT FirstApp/controllers/default.py: 0
[2013-11-11 02:46:59] EDIT FirstApp/controllers/default.py: 0
[2013-11-11 02:47:29] EDIT FirstApp/controllers/default.py: 0
[2013-11-11 02:48:38] EDIT FirstApp/models/menu.py: 0
[2013-11-11 02:49:02] EDIT FirstApp/views/default/dispatch.html: 0
[2013-11-11 02:58:11] EDIT FirstApp/controllers/default.py: 1
[2013-11-11 02:58:39] EDIT FirstApp/controllers/default.py: 0
[2013-11-11 03:01:42] EDIT FirstApp/controllers/default.py: 0
[2013-11-11 03:01:59] EDIT FirstApp/controllers/default.py: 0
[2013-11-11 03:02:28] EDIT FirstApp/controllers/default.py: 0
[2013-11-11 03:03:18] EDIT FirstApp/controllers/default.py: 0
[2013-11-11 03:03:26] EDIT FirstApp/controllers/default.py: 0
[2013-11-11 03:04:31] EDIT FirstApp/controllers/default.py: 3
[2013-11-11 03:06:53] EDIT FirstApp/controllers/default.py: 0
[2013-11-11 03:07:11] EDIT FirstApp/controllers/default.py: 0
[2013-11-11 03:42:59] EDIT FirstApp/models/db.py: 0
[2013-11-11 03:48:23] EDIT FirstApp/models/db.py: 0
[2013-11-11 03:49:45] EDIT FirstApp/models/db.py: 0
[2013-11-11 03:51:24] EDIT FirstApp/models/db.py: 0
[2013-11-11 03:51:49] EDIT FirstApp/models/db.py: 0
[2013-11-11 03:54:39] EDIT FirstApp/controllers/default.py: 1
[2013-11-11 03:55:05] EDIT FirstApp/controllers/default.py: -1
[2013-11-11 04:02:48] EDIT FirstApp/views/layout.html: 0
[2013-11-11 04:03:13] EDIT FirstApp/models/db.py: 0
[2013-11-11 04:03:59] EDIT FirstApp/views/layout.html: 0
[2013-11-11 04:05:19] EDIT FirstApp/models/db.py: 1
[2013-11-11 04:06:39] EDIT FirstApp/models/db.py: 1
[2013-11-11 04:07:05] EDIT FirstApp/models/db.py: -1
[2013-11-11 04:07:25] EDIT FirstApp/models/db.py: 1
[2013-11-11 04:08:01] EDIT FirstApp/models/db.py: 1
[2013-11-11 04:08:20] EDIT FirstApp/models/db.py: 0
[2013-11-11 04:09:42] EDIT FirstApp/models/db.py: 0
[2013-11-11 16:29:45] EDIT FirstApp/controllers/default.py: 1
[2013-11-11 16:32:24] EDIT FirstApp/controllers/default.py: 0
[2013-11-11 16:33:04] EDIT FirstApp/controllers/default.py: 0
[2013-11-11 16:37:59] EDIT FirstApp/controllers/default.py: 0
[2013-11-11 16:39:51] EDIT FirstApp/controllers/default.py: -1
[2013-11-11 16:41:07] EDIT FirstApp/controllers/default.py: 1
[2013-11-11 18:55:27] EDIT FirstApp/views/layout.html: -457
[2013-11-11 18:55:51] EDIT FirstApp/views/layout.html: 0
[2013-11-11 18:57:32] EDIT FirstApp/views/layout.html: 0
[2013-11-11 18:57:43] EDIT FirstApp/views/layout.html: 0
[2013-11-11 18:58:00] EDIT FirstApp/views/layout.html: 0
[2013-11-11 18:58:14] EDIT FirstApp/views/layout.html: 0
[2013-11-11 18:58:27] EDIT FirstApp/views/layout.html: 0
[2013-11-11 18:58:43] EDIT FirstApp/views/layout.html: 0
[2013-11-11 18:58:59] EDIT FirstApp/views/layout.html: 0
[2013-11-11 18:59:06] EDIT FirstApp/views/layout.html: 0
[2013-11-11 18:59:15] EDIT FirstApp/views/layout.html: 0
[2013-11-11 18:59:50] EDIT FirstApp/views/layout.html: -2
[2013-11-11 18:59:53] EDIT FirstApp/views/layout.html: 0
[2013-11-11 19:00:00] EDIT FirstApp/views/layout.html: 0
[2013-11-11 19:01:51] EDIT FirstApp/views/layout.html: -1
[2013-11-11 19:04:22] EDIT FirstApp/views/layout.html: 0
[2013-11-11 19:06:00] EDIT FirstApp/views/layout.html: 0
[2013-11-11 19:06:19] EDIT FirstApp/views/layout.html: 0
[2013-11-11 19:06:49] EDIT FirstApp/views/layout.html: 0
[2013-11-11 19:08:07] EDIT FirstApp/views/layout.html: 0
[2013-11-11 19:44:21] EDIT FirstApp/views/default/index.html: 0
[2013-11-11 19:45:24] EDIT FirstApp/views/default/index.html: -2
[2013-11-11 19:45:42] EDIT FirstApp/views/default/index.html: 0
[2013-11-11 19:48:38] EDIT FirstApp/views/default/index.html: 0
[2013-11-11 19:48:51] EDIT FirstApp/views/default/index.html: 0
[2013-11-13 16:38:26] EDIT FirstApp/models/product_db.py: 0
[2013-11-13 16:38:36] EDIT FirstApp/models/product_db.py: 0
[2013-11-13 16:39:06] EDIT FirstApp/models/product_db.py: 0
[2013-11-13 16:45:14] EDIT FirstApp/models/product_db.py: -1
[2013-11-13 16:49:12] EDIT FirstApp/models/product_db.py: 1
[2013-11-13 16:49:15] EDIT FirstApp/models/product_db.py: 0
[2013-11-13 16:49:53] EDIT FirstApp/models/product_db.py: 0
[2013-11-13 16:50:43] EDIT FirstApp/models/product_db.py: -1
[2013-11-13 17:01:36] EDIT FirstApp/controllers/default.py: 0
[2013-11-13 17:33:10] EDIT FirstApp/controllers/default.py: 3
[2013-11-13 17:34:02] EDIT FirstApp/controllers/default.py: 3
[2013-11-13 18:09:57] EDIT FirstApp/controllers/default.py: 0
[2013-11-13 18:15:19] EDIT FirstApp/controllers/default.py: 0
[2013-11-13 18:21:59] EDIT FirstApp/models/product_db.py: 0
[2013-11-13 18:28:39] EDIT FirstApp/controllers/default.py: 5
[2013-11-13 18:28:45] EDIT FirstApp/controllers/default.py: 1
[2013-11-13 18:31:09] EDIT FirstApp/controllers/default.py: 0
[2013-11-13 18:32:25] EDIT FirstApp/controllers/default.py: -1
[2013-11-13 18:32:32] EDIT FirstApp/controllers/default.py: 0
[2013-11-13 18:33:15] EDIT FirstApp/controllers/default.py: 1
[2013-11-13 18:33:50] EDIT FirstApp/controllers/default.py: 0
[2013-11-13 18:33:56] EDIT FirstApp/models/product_db.py: 0
[2013-11-13 18:36:50] EDIT FirstApp/controllers/default.py: 0
[2013-11-13 18:37:09] EDIT FirstApp/controllers/default.py: 0
[2013-11-13 18:37:21] EDIT FirstApp/controllers/default.py: 1
[2013-11-13 18:37:30] EDIT FirstApp/controllers/default.py: 0
[2013-11-13 18:39:18] EDIT FirstApp/controllers/default.py: 1
[2013-11-13 18:42:17] EDIT FirstApp/controllers/default.py: 0
[2013-11-13 18:42:41] EDIT FirstApp/controllers/default.py: 0
[2013-11-13 18:43:10] EDIT FirstApp/controllers/default.py: 0
[2013-11-13 18:44:26] EDIT FirstApp/controllers/default.py: 0
[2013-11-13 18:48:08] EDIT FirstApp/controllers/default.py: 1
[2013-11-13 18:53:50] EDIT FirstApp/models/product_db.py: 1
[2013-11-13 18:53:54] EDIT FirstApp/models/product_db.py: 0
[2013-11-13 18:54:50] EDIT FirstApp/models/product_db.py: 0
[2013-11-13 18:55:34] EDIT FirstApp/models/product_db.py: 0
[2013-11-13 19:02:02] EDIT FirstApp/controllers/default.py: 0
[2013-11-13 19:02:17] EDIT FirstApp/controllers/default.py: 0
[2013-11-13 19:02:26] EDIT FirstApp/controllers/default.py: 0
[2013-11-13 19:02:50] EDIT FirstApp/controllers/default.py: 0
[2013-11-13 19:05:49] EDIT FirstApp/controllers/default.py: 0
[2013-11-13 19:06:47] EDIT FirstApp/controllers/default.py: 0
[2013-11-13 19:13:10] EDIT FirstApp/views/default/dispatch.html: 0
[2013-11-13 19:14:08] EDIT FirstApp/views/default/dispatch.html: 0
[2013-11-13 19:14:32] EDIT FirstApp/views/default/dispatch.html: 0
[2013-11-13 19:18:35] EDIT FirstApp/controllers/default.py: 0
[2013-11-13 19:39:39] EDIT FirstApp/controllers/default.py: 2
[2013-11-13 19:40:11] EDIT FirstApp/controllers/default.py: 2
[2013-11-13 19:40:28] EDIT FirstApp/controllers/default.py: 1
[2013-11-13 19:40:36] EDIT FirstApp/controllers/default.py: 0
[2013-11-13 19:40:48] EDIT FirstApp/controllers/default.py: 0
[2013-11-13 19:43:16] EDIT FirstApp/controllers/default.py: 1
[2013-11-13 19:43:23] EDIT FirstApp/controllers/default.py: 0
[2013-11-13 19:44:59] EDIT FirstApp/controllers/default.py: 0
[2013-11-13 19:50:58] EDIT FirstApp/controllers/default.py: 0
[2013-11-13 19:51:01] EDIT FirstApp/controllers/default.py: 0
[2013-11-13 19:52:23] EDIT FirstApp/controllers/default.py: 1
[2013-11-13 19:52:28] EDIT FirstApp/controllers/default.py: 1
[2013-11-13 19:55:54] EDIT FirstApp/controllers/default.py: 5
[2013-11-13 19:56:00] EDIT FirstApp/controllers/default.py: -1
[2013-11-13 19:56:16] EDIT FirstApp/controllers/default.py: -1
[2013-11-13 19:56:46] EDIT FirstApp/controllers/default.py: 0
[2013-11-13 19:56:48] EDIT FirstApp/controllers/default.py: 0
[2013-11-13 19:56:53] EDIT FirstApp/controllers/default.py: 0
[2013-11-13 19:58:21] EDIT FirstApp/controllers/default.py: 0
[2013-11-13 19:58:24] EDIT FirstApp/controllers/default.py: 0
[2013-11-13 19:59:33] EDIT FirstApp/controllers/default.py: 0
[2013-11-13 20:01:01] EDIT FirstApp/controllers/default.py: 1
[2013-11-13 20:01:20] EDIT FirstApp/controllers/default.py: 1
[2013-11-13 20:02:23] EDIT FirstApp/controllers/default.py: 3
[2013-11-13 20:05:18] EDIT FirstApp/controllers/default.py: 7
[2013-11-13 20:06:02] EDIT FirstApp/controllers/default.py: 0
[2013-11-13 20:09:45] EDIT FirstApp/controllers/default.py: 1
[2013-11-13 20:10:47] EDIT FirstApp/controllers/default.py: 3
[2013-11-13 20:11:43] EDIT FirstApp/controllers/default.py: 2
[2013-11-13 20:11:52] EDIT FirstApp/controllers/default.py: 0
[2013-11-13 20:15:25] EDIT FirstApp/models/menu.py: 1
[2013-11-13 20:15:35] EDIT FirstApp/models/menu.py: 0
[2013-11-13 20:17:03] EDIT FirstApp/models/menu.py: 2
[2013-11-13 20:17:16] EDIT FirstApp/models/menu.py: 3
[2013-11-13 20:19:06] EDIT FirstApp/models/menu.py: -1
[2013-11-13 20:19:09] EDIT FirstApp/models/menu.py: 0
[2013-11-13 20:19:10] EDIT FirstApp/models/menu.py: 0
[2013-11-13 20:19:11] EDIT FirstApp/models/menu.py: 0
[2013-11-13 20:32:14] EDIT FirstApp/controllers/default.py: 7
[2013-11-13 20:33:25] EDIT FirstApp/controllers/default.py: 0
[2013-11-13 20:36:44] EDIT FirstApp/controllers/default.py: 0
[2013-11-13 20:36:50] EDIT FirstApp/controllers/default.py: 0
[2013-11-13 20:36:56] EDIT FirstApp/controllers/default.py: 0
[2013-11-13 20:36:57] EDIT FirstApp/controllers/default.py: 0
[2013-11-13 20:36:58] EDIT FirstApp/controllers/default.py: 0
[2013-11-13 20:38:15] EDIT FirstApp/controllers/default.py: 2
[2013-11-13 20:41:35] EDIT FirstApp/controllers/default.py: 0
[2013-11-13 20:42:07] EDIT FirstApp/controllers/default.py: 0
[2013-11-13 20:43:26] EDIT FirstApp/controllers/default.py: 0
[2013-11-13 20:43:43] EDIT FirstApp/controllers/default.py: 0
[2013-11-13 20:44:08] EDIT FirstApp/controllers/default.py: 0
[2013-11-13 20:44:22] EDIT FirstApp/controllers/default.py: 0
[2013-11-13 20:45:41] EDIT FirstApp/controllers/default.py: 0
[2013-11-13 20:45:45] EDIT FirstApp/controllers/default.py: 0
[2013-11-13 20:46:49] EDIT FirstApp/controllers/default.py: 0
[2013-11-13 20:46:51] EDIT FirstApp/controllers/default.py: 0
[2013-11-13 20:55:35] EDIT FirstApp/controllers/default.py: -2
[2013-11-13 20:55:49] EDIT FirstApp/controllers/default.py: 0
[2013-11-13 20:57:00] EDIT FirstApp/controllers/default.py: 0
[2013-11-13 20:57:44] EDIT FirstApp/controllers/default.py: 0
[2013-11-13 21:09:21] EDIT FirstApp/controllers/default.py: 0
[2013-11-13 21:09:29] EDIT FirstApp/controllers/default.py: 0
[2013-11-13 21:09:47] EDIT FirstApp/controllers/default.py: 0
[2013-11-13 21:11:03] EDIT FirstApp/controllers/default.py: 0
[2013-11-13 21:12:28] EDIT FirstApp/controllers/default.py: 0
[2013-11-13 21:12:30] EDIT FirstApp/controllers/default.py: 0
[2013-11-13 21:29:47] EDIT FirstApp/controllers/default.py: 17
[2013-11-13 21:30:05] EDIT FirstApp/controllers/default.py: 0
[2013-11-13 21:30:24] EDIT FirstApp/controllers/default.py: 0
[2013-11-13 21:30:58] EDIT FirstApp/controllers/default.py: 7
[2013-11-13 21:31:01] EDIT FirstApp/controllers/default.py: 0
[2013-11-13 21:47:38] EDIT FirstApp/controllers/default.py: 2
[2013-11-13 21:51:31] EDIT FirstApp/controllers/default.py: 0
[2013-11-13 21:52:07] EDIT FirstApp/controllers/default.py: 0
[2013-11-13 22:00:59] EDIT FirstApp/controllers/default.py: 33
[2013-11-13 22:01:13] EDIT FirstApp/controllers/default.py: 0
[2013-11-13 22:13:46] EDIT FirstApp/controllers/default.py: 0
[2013-11-13 22:18:36] EDIT FirstApp/controllers/default.py: 2
[2013-11-13 22:19:51] EDIT FirstApp/controllers/default.py: 2
[2013-11-13 22:36:06] EDIT FirstApp/controllers/default.py: 7
[2013-11-13 22:36:07] EDIT FirstApp/controllers/default.py: 0
[2013-11-13 22:36:07] EDIT FirstApp/controllers/default.py: 0
[2013-11-13 22:36:08] EDIT FirstApp/controllers/default.py: 0
[2013-11-13 22:36:09] EDIT FirstApp/controllers/default.py: 0
[2013-11-13 22:36:10] EDIT FirstApp/controllers/default.py: 0
[2013-11-13 22:37:09] EDIT FirstApp/controllers/default.py: 0
[2013-11-13 22:39:41] EDIT FirstApp/controllers/default.py: 23
[2013-11-13 22:40:27] EDIT FirstApp/controllers/default.py: 1
[2013-11-14 04:04:27] EDIT FirstApp/models/menu.py: 0
[2013-11-14 04:13:40] EDIT FirstApp/controllers/delivercont.py: -183
[2013-11-14 04:15:44] EDIT FirstApp/controllers/dispatchcont.py: -166
[2013-11-14 04:17:11] EDIT FirstApp/controllers/historycont.py: -187
[2013-11-14 04:17:48] EDIT FirstApp/controllers/receivecont.py: -183
[2013-11-14 04:19:07] EDIT FirstApp/models/menu.py: 3
[2013-11-14 04:19:15] EDIT FirstApp/models/menu.py: 3
[2013-11-14 04:22:06] EDIT FirstApp/models/menu.py: 0
[2013-11-14 04:22:25] EDIT FirstApp/models/menu.py: 0
[2013-11-14 04:48:13] EDIT FirstApp/controllers/default.py: 0
[2013-11-14 04:48:44] EDIT FirstApp/controllers/delivercont.py: 0
[2013-11-14 04:48:54] EDIT FirstApp/controllers/dispatchcont.py: 0
[2013-11-14 04:49:01] EDIT FirstApp/controllers/historycont.py: 0
[2013-11-14 04:49:08] EDIT FirstApp/controllers/receivecont.py: 0
[2013-11-14 04:50:36] EDIT FirstApp/controllers/delivercont.py: 0
[2013-11-14 04:50:56] EDIT FirstApp/controllers/dispatchcont.py: 0
[2013-11-14 04:51:01] EDIT FirstApp/controllers/historycont.py: 0
[2013-11-14 04:51:05] EDIT FirstApp/controllers/receivecont.py: 0
[2013-11-14 04:51:48] EDIT FirstApp/controllers/receivecont.py: 0
[2013-11-14 04:51:55] EDIT FirstApp/controllers/historycont.py: 0
[2013-11-14 04:52:15] EDIT FirstApp/controllers/dispatchcont.py: 0
[2013-11-14 04:52:25] EDIT FirstApp/controllers/delivercont.py: 0
[2013-11-14 04:53:17] EDIT FirstApp/controllers/default.py: -154
[2013-11-14 04:53:31] EDIT FirstApp/controllers/default.py: 0
[2013-11-14 15:13:09] EDIT FirstApp/views/layout.html: -1
[2013-11-14 15:19:00] EDIT FirstApp/views/layout.html: 5
[2013-11-14 15:19:53] EDIT FirstApp/views/layout.html: 1
[2013-11-14 15:21:15] EDIT FirstApp/views/layout.html: 1
[2013-11-14 15:21:19] EDIT FirstApp/views/layout.html: -1
[2013-11-14 15:22:04] EDIT FirstApp/views/layout.html: 0
[2013-11-14 15:23:01] EDIT FirstApp/views/layout.html: 0
[2013-11-14 15:23:23] EDIT FirstApp/views/layout.html: 0
[2013-11-14 15:24:09] EDIT FirstApp/views/layout.html: 1
[2013-11-14 15:24:13] EDIT FirstApp/views/layout.html: -1
[2013-11-14 15:24:41] EDIT FirstApp/views/layout.html: 0
[2013-11-14 15:28:01] EDIT FirstApp/views/layout.html: 1
[2013-11-14 15:28:28] EDIT FirstApp/views/layout.html: 0
[2013-11-14 15:31:45] EDIT FirstApp/views/layout.html: -5
[2013-11-14 15:32:24] EDIT FirstApp/views/layout.html: 0
[2013-11-14 15:32:49] EDIT FirstApp/views/layout.html: 0
[2013-11-14 15:32:56] EDIT FirstApp/views/layout.html: 0
[2013-11-14 15:33:07] EDIT FirstApp/views/layout.html: 0
[2013-11-14 15:39:01] EDIT FirstApp/views/layout.html: 0
[2013-11-14 15:40:48] EDIT FirstApp/models/db.py: 1
[2013-11-14 15:40:54] EDIT FirstApp/models/db.py: 0
[2013-11-14 15:51:42] EDIT FirstApp/models/menu.py: 1
[2013-11-14 15:51:53] EDIT FirstApp/models/menu.py: 1
[2013-11-14 15:59:01] EDIT FirstApp/controllers/default.py: 28
[2013-11-14 16:07:40] EDIT FirstApp/controllers/default.py: -12
[2013-11-14 16:08:10] EDIT FirstApp/controllers/default.py: 0
[2013-11-14 16:14:36] EDIT FirstApp/models/db.py: 2
[2013-11-14 16:15:03] EDIT FirstApp/models/db.py: -2
[2013-11-14 16:17:45] EDIT FirstApp/models/db.py: 1
[2013-11-14 16:19:37] EDIT FirstApp/models/db.py: 0
[2013-11-14 16:19:41] EDIT FirstApp/models/db.py: 0
[2013-11-14 16:20:00] EDIT FirstApp/models/db.py: -1
[2013-11-14 16:20:17] EDIT FirstApp/models/db.py: 0
[2013-11-14 16:28:59] EDIT FirstApp/controllers/default.py: 0
[2013-11-14 16:34:01] EDIT FirstApp/controllers/default.py: -5
[2013-11-14 16:35:14] EDIT FirstApp/controllers/default.py: 1
[2013-11-14 16:41:39] EDIT FirstApp/controllers/default.py: 1
[2013-11-14 16:41:47] EDIT FirstApp/controllers/default.py: 0
[2013-11-14 16:41:54] EDIT FirstApp/controllers/default.py: 0
[2013-11-14 16:42:23] EDIT FirstApp/controllers/default.py: 0
[2013-11-14 16:47:00] EDIT FirstApp/controllers/default.py: -1
[2013-11-14 16:58:24] EDIT FirstApp/models/product_db.py: 2
[2013-11-14 16:58:57] EDIT FirstApp/models/product_db.py: 0
[2013-11-14 17:00:51] EDIT FirstApp/models/db.py: -5
[2013-11-14 17:00:57] EDIT FirstApp/models/product_db.py: 5
[2013-11-14 17:04:03] EDIT FirstApp/models/product_db.py: 0
[2013-11-14 17:58:37] EDIT FirstApp/models/product_db.py: 0
[2013-11-14 17:59:01] EDIT FirstApp/models/product_db.py: 0
[2013-11-14 18:02:57] EDIT FirstApp/models/product_db.py: -2
[2013-11-14 18:07:12] EDIT FirstApp/models/product_db.py: 0
[2013-11-14 18:07:43] EDIT FirstApp/models/product_db.py: 0
[2013-11-14 23:07:36] EDIT FirstApp/models/product_db.py: 0
[2013-11-14 23:08:56] EDIT FirstApp/models/product_db.py: 0
[2013-11-14 23:10:28] EDIT FirstApp/models/db.py: 0
[2013-11-15 00:58:09] EDIT FirstApp/views/default/new_entry.html: -1
[2013-11-15 00:58:34] EDIT FirstApp/views/default/new_entry.html: -2
[2013-11-15 00:59:20] EDIT FirstApp/views/default/new_entry.html: -5
[2013-11-15 01:42:45] EDIT FirstApp/views/historycont/history.html: 0
[2013-11-15 01:43:35] EDIT FirstApp/views/historycont/history.html: 3
[2013-11-15 01:51:00] EDIT FirstApp/views/historycont/history.html: 6
[2013-11-15 02:00:50] EDIT FirstApp/views/historycont/history.html: 0
[2013-11-15 02:01:30] EDIT FirstApp/views/historycont/history.html: 0
[2013-11-15 02:01:53] EDIT FirstApp/views/historycont/history.html: 0
[2013-11-15 02:02:12] EDIT FirstApp/views/historycont/history.html: 0
[2013-11-15 02:02:24] EDIT FirstApp/views/historycont/history.html: 0
[2013-11-15 02:03:04] EDIT FirstApp/views/historycont/history.html: 0
[2013-11-15 02:03:44] EDIT FirstApp/views/historycont/history.html: 0
[2013-11-15 02:03:59] EDIT FirstApp/views/historycont/history.html: 0
[2013-11-15 02:04:12] EDIT FirstApp/views/historycont/history.html: 0
[2013-11-15 02:08:35] EDIT FirstApp/views/dispatchcont/dispatch.html: 8
[2013-11-15 02:08:52] EDIT FirstApp/views/dispatchcont/dispatch.html: 1
[2013-11-15 02:11:38] EDIT FirstApp/views/delivercont/delivery.html: 10
[2013-11-15 02:13:41] EDIT FirstApp/views/dispatchcont/dispatch.html: 0
[2013-11-15 02:15:14] EDIT FirstApp/views/receivecont/receive.html: 10
[2013-11-15 02:17:28] EDIT FirstApp/views/receivecont/receive.html: 0
[2013-11-15 02:17:52] EDIT FirstApp/views/receivecont/receive.html: 0
[2013-11-15 02:20:20] EDIT FirstApp/views/receivecont/receive.html: 0
[2013-11-15 02:22:29] EDIT FirstApp/views/receivecont/receive.html: 0
[2013-11-15 02:23:23] EDIT FirstApp/views/receivecont/receive.html: 0
[2013-11-15 02:24:12] EDIT FirstApp/views/dispatchcont/dispatch.html: 0
[2013-11-15 02:25:33] EDIT FirstApp/views/receivecont/receive.html: 0
[2013-11-15 02:25:45] EDIT FirstApp/views/receivecont/receive.html: 1
[2013-11-15 02:28:45] EDIT FirstApp/views/receivecont/receive.html: 1
[2013-11-15 02:30:17] EDIT FirstApp/views/dispatchcont/dispatch.html: 2
[2013-11-15 02:30:24] EDIT FirstApp/views/dispatchcont/dispatch.html: 0
[2013-11-15 02:31:09] EDIT FirstApp/views/historycont/history.html: 2
[2013-11-15 02:31:18] EDIT FirstApp/views/historycont/history.html: 0
[2013-11-15 02:31:51] EDIT FirstApp/views/delivercont/delivery.html: 2
[2013-11-15 02:32:29] EDIT FirstApp/views/delivercont/delivery.html: 0
[2013-11-15 02:32:49] EDIT FirstApp/views/delivercont/delivery.html: 0
[2013-11-15 02:33:09] EDIT FirstApp/views/delivercont/delivery.html: 0
[2013-11-15 02:33:41] EDIT FirstApp/views/delivercont/delivery.html: -1
[2013-11-15 02:34:02] EDIT FirstApp/views/delivercont/delivery.html: 1
[2013-11-15 03:06:31] EDIT FirstApp/models/menu.py: 0
[2013-11-15 20:25:05] EDIT FirstApp/controllers/default.py: 3
[2013-11-15 20:25:18] EDIT FirstApp/controllers/default.py: 0
[2013-11-15 20:25:32] EDIT FirstApp/controllers/default.py: -2
[2013-11-15 20:25:55] EDIT FirstApp/controllers/default.py: 3
[2013-11-15 20:26:14] EDIT FirstApp/controllers/default.py: 2
[2013-11-15 20:26:21] EDIT FirstApp/controllers/default.py: 0
[2013-11-15 20:26:54] EDIT FirstApp/controllers/default.py: 0
[2013-11-15 20:27:22] EDIT FirstApp/controllers/default.py: 0
[2013-11-15 20:27:42] EDIT FirstApp/controllers/default.py: 0
[2013-11-15 20:28:18] EDIT FirstApp/controllers/default.py: 3
[2013-11-15 20:29:36] EDIT FirstApp/controllers/default.py: 3
[2013-11-15 20:29:49] EDIT FirstApp/controllers/default.py: 0
[2013-11-15 20:31:02] EDIT FirstApp/views/default/home.html: 2
[2013-11-15 20:31:26] EDIT FirstApp/views/default/home.html: 1
[2013-11-15 20:33:10] EDIT FirstApp/views/default/home.html: -8
[2013-11-15 20:41:42] EDIT FirstApp/controllers/default.py: 0
[2013-11-15 20:42:19] EDIT FirstApp/views/default/home.html: 0
[2013-11-15 20:42:25] EDIT FirstApp/views/default/home.html: 0
[2013-11-15 21:02:44] EDIT FirstApp/views/default/home.html: 1
[2013-11-15 21:03:26] EDIT FirstApp/views/default/home.html: 0
[2013-11-15 21:03:47] EDIT FirstApp/views/default/home.html: 0
[2013-11-15 22:07:27] EDIT FirstApp/models/menu.py: 1
[2013-11-15 22:07:56] EDIT FirstApp/models/menu.py: 0
[2013-11-15 22:18:29] EDIT FirstApp/models/menu.py: 0
[2013-11-15 22:18:38] EDIT FirstApp/models/menu.py: 0
[2013-11-15 22:36:36] EDIT FirstApp/models/menu.py: 1
[2013-11-15 22:36:55] EDIT FirstApp/models/menu.py: 0
[2013-11-15 23:03:49] EDIT FirstApp/views/default/home.html: 3
[2013-11-15 23:05:24] EDIT FirstApp/views/default/home.html: 0
[2013-11-15 23:06:49] EDIT FirstApp/views/default/home.html: 0
[2013-11-15 23:07:32] EDIT FirstApp/views/default/home.html: 0
[2013-11-15 23:07:37] EDIT FirstApp/views/default/home.html: 0
[2013-11-15 23:08:06] EDIT FirstApp/views/default/home.html: 0
[2013-11-15 23:08:16] EDIT FirstApp/views/default/home.html: 0
[2013-11-15 23:08:44] EDIT FirstApp/views/default/home.html: 0
[2013-11-15 23:09:10] EDIT FirstApp/views/default/home.html: 0
[2013-11-15 23:09:35] EDIT FirstApp/views/default/home.html: 0
[2013-11-15 23:09:50] EDIT FirstApp/models/menu.py: -1
[2013-11-15 23:10:11] EDIT FirstApp/views/default/home.html: 0
[2013-11-15 23:12:01] EDIT FirstApp/models/menu.py: 1
[2013-11-15 23:12:53] EDIT FirstApp/views/default/home.html: 1
[2013-11-15 23:13:28] EDIT FirstApp/models/menu.py: 0
[2013-11-15 23:13:36] EDIT FirstApp/models/menu.py: 0
[2013-11-15 23:13:58] EDIT FirstApp/views/default/home.html: 0
[2013-11-15 23:16:46] EDIT FirstApp/models/menu.py: 12
[2013-11-15 23:16:55] EDIT FirstApp/models/menu.py: 0
[2013-11-15 23:17:25] EDIT FirstApp/models/menu.py: 3
[2013-11-15 23:30:11] EDIT FirstApp/models/menu.py: -16
[2013-11-16 00:41:12] EDIT FirstApp/views/default/home.html: 2
[2013-11-16 00:41:36] EDIT FirstApp/views/default/home.html: 0
[2013-11-16 00:42:21] EDIT FirstApp/views/default/home.html: 0
[2013-11-16 00:46:22] EDIT FirstApp/controllers/delivercont.py: 13
[2013-11-16 00:46:46] EDIT FirstApp/controllers/delivercont.py: 13
[2013-11-16 00:47:20] EDIT FirstApp/controllers/delivercont.py: 0
[2013-11-16 00:50:25] EDIT FirstApp/views/delivercont/delivery.html: 5
[2013-11-16 00:50:34] EDIT FirstApp/views/delivercont/confirm_delivery.html: 5
[2013-11-16 00:53:14] EDIT FirstApp/controllers/delivercont.py: 0
[2013-11-16 00:55:01] EDIT FirstApp/controllers/delivercont.py: 0
[2013-11-16 00:55:49] EDIT FirstApp/controllers/delivercont.py: 0
[2013-11-16 00:57:18] EDIT FirstApp/controllers/delivercont.py: -1
[2013-11-16 00:57:26] EDIT FirstApp/controllers/delivercont.py: 0
[2013-11-16 00:57:38] EDIT FirstApp/controllers/delivercont.py: 0
[2013-11-16 00:58:32] EDIT FirstApp/views/delivercont/delivery.html: 0
[2013-11-16 00:58:56] EDIT FirstApp/views/delivercont/delivery.html: 0
[2013-11-16 00:59:34] EDIT FirstApp/views/default/home.html: -1
[2013-11-16 01:00:12] EDIT FirstApp/views/default/home.html: 0
[2013-11-16 01:00:26] EDIT FirstApp/views/default/home.html: 5
[2013-11-16 01:00:55] EDIT FirstApp/views/default/home.html: -5
[2013-11-16 01:02:31] EDIT FirstApp/views/default/home.html: 0
[2013-11-16 01:03:08] EDIT FirstApp/models/menu.py: 0
[2013-11-16 01:04:18] EDIT FirstApp/views/default/home.html: 0
[2013-11-16 01:05:06] EDIT FirstApp/views/default/home.html: 0
[2013-11-16 01:06:08] EDIT FirstApp/views/layout.html: 0
[2013-11-16 01:06:24] EDIT FirstApp/views/default/home.html: -5
[2013-11-16 01:06:44] EDIT FirstApp/views/layout.html: 5
[2013-11-16 01:07:24] EDIT FirstApp/views/delivercont/delivery.html: -5
[2013-11-16 01:07:27] EDIT FirstApp/views/delivercont/delivery.html: 0
[2013-11-16 01:08:38] EDIT FirstApp/views/delivercont/confirm_delivery.html: -5
[2013-11-16 01:10:15] EDIT FirstApp/controllers/dispatchcont.py: 12
[2013-11-16 01:10:27] EDIT FirstApp/controllers/dispatchcont.py: 0
[2013-11-16 01:10:43] EDIT FirstApp/controllers/dispatchcont.py: 12
[2013-11-16 01:11:29] EDIT FirstApp/controllers/dispatchcont.py: 0
[2013-11-16 01:13:17] EDIT FirstApp/controllers/receivecont.py: 12
[2013-11-16 01:13:24] EDIT FirstApp/controllers/receivecont.py: 12
[2013-11-16 01:13:36] EDIT FirstApp/controllers/receivecont.py: -1
[2013-11-16 01:13:51] EDIT FirstApp/controllers/receivecont.py: -2
[2013-11-16 01:13:52] EDIT FirstApp/controllers/receivecont.py: 0
[2013-11-16 01:13:56] EDIT FirstApp/controllers/receivecont.py: 0
[2013-11-16 01:15:39] EDIT FirstApp/controllers/default.py: 12
[2013-11-16 01:16:01] EDIT FirstApp/controllers/default.py: 12
[2013-11-16 01:16:53] EDIT FirstApp/controllers/default.py: 13
[2013-11-16 01:18:30] EDIT FirstApp/controllers/receivecont.py: 0
[2013-11-16 01:21:49] EDIT FirstApp/controllers/default.py: 0
[2013-11-16 01:23:44] EDIT FirstApp/controllers/default.py: 2
[2013-11-16 01:23:50] EDIT FirstApp/controllers/default.py: 0
[2013-11-16 01:27:10] EDIT FirstApp/controllers/default.py: 0
[2013-11-16 01:28:48] EDIT FirstApp/controllers/historycont.py: 24
[2013-11-16 01:28:53] EDIT FirstApp/controllers/historycont.py: 0
[2013-11-16 01:30:24] EDIT FirstApp/controllers/default.py: 0
[2013-11-16 01:30:43] EDIT FirstApp/controllers/default.py: -1
[2013-11-16 01:31:10] EDIT FirstApp/controllers/default.py: -1
[2013-11-16 23:43:08] EDIT FirstApp/controllers/historycont.py: 6
[2013-11-16 23:43:28] EDIT FirstApp/controllers/historycont.py: 0
[2013-11-16 23:43:37] EDIT FirstApp/controllers/historycont.py: 0
[2013-11-16 23:56:57] EDIT FirstApp/controllers/historycont.py: 0
[2013-11-17 00:42:12] EDIT FirstApp/controllers/historycont.py: 1
[2013-11-17 01:07:50] EDIT FirstApp/controllers/historycont.py: 1
[2013-11-17 01:08:04] EDIT FirstApp/controllers/historycont.py: 0
[2013-11-17 01:09:12] EDIT FirstApp/controllers/historycont.py: 0
[2013-11-17 01:12:07] EDIT FirstApp/controllers/historycont.py: 0
[2013-11-17 01:12:38] EDIT FirstApp/controllers/historycont.py: 0
[2013-11-17 01:13:08] EDIT FirstApp/controllers/historycont.py: 1
[2013-11-17 01:16:31] EDIT FirstApp/controllers/historycont.py: 0
[2013-11-17 01:17:56] EDIT FirstApp/controllers/historycont.py: 0
[2013-11-17 01:24:33] EDIT FirstApp/controllers/historycont.py: 0
[2013-11-17 01:25:09] EDIT FirstApp/controllers/historycont.py: 0
[2013-11-17 01:27:58] EDIT FirstApp/controllers/appadmin.py: 3
[2013-11-17 01:29:51] EDIT FirstApp/controllers/historycont.py: 0
[2013-11-17 01:29:55] EDIT FirstApp/controllers/historycont.py: 0
[2013-11-17 01:31:30] EDIT FirstApp/controllers/appadmin.py: -3
[2013-11-17 01:31:39] EDIT FirstApp/views/appadmin.html: 0
[2013-11-17 02:10:08] EDIT FirstApp/controllers/historycont.py: 0
[2013-11-17 02:10:21] EDIT FirstApp/controllers/historycont.py: 0
[2013-11-17 02:11:42] EDIT FirstApp/controllers/historycont.py: 0
[2013-11-17 02:12:22] EDIT FirstApp/controllers/historycont.py: 0
[2013-11-17 02:12:56] EDIT FirstApp/controllers/historycont.py: 0
[2013-11-17 02:13:03] EDIT FirstApp/controllers/historycont.py: 0
[2013-11-17 02:13:19] EDIT FirstApp/controllers/historycont.py: 0
[2013-11-17 02:14:21] EDIT FirstApp/controllers/historycont.py: 0
[2013-11-17 02:23:52] EDIT FirstApp/controllers/historycont.py: 0
[2013-11-17 02:24:39] EDIT FirstApp/controllers/historycont.py: 0
[2013-11-17 02:28:29] EDIT FirstApp/controllers/historycont.py: 0
[2013-11-17 02:51:05] EDIT FirstApp/models/product_db.py: 4
[2013-11-17 02:52:54] EDIT FirstApp/controllers/dispatchcont.py: 0
[2013-11-17 02:56:45] EDIT FirstApp/controllers/dispatchcont.py: 1
[2013-11-17 03:11:28] EDIT FirstApp/controllers/historycont.py: -2
[2013-11-17 03:14:48] EDIT FirstApp/controllers/historycont.py: 0
[2013-11-17 03:18:17] EDIT FirstApp/controllers/historycont.py: 0
[2013-11-17 03:27:09] EDIT FirstApp/controllers/historycont.py: 0
[2013-11-17 03:28:09] EDIT FirstApp/controllers/historycont.py: 1
[2013-11-17 03:31:48] EDIT FirstApp/controllers/historycont.py: 0
[2013-11-17 03:34:44] EDIT FirstApp/views/historycont/history.html: 0
[2013-11-17 03:36:35] EDIT FirstApp/views/historycont/history.html: 0
[2013-11-17 03:38:48] EDIT FirstApp/views/historycont/history.html: 1
[2013-11-17 03:38:54] EDIT FirstApp/views/historycont/history.html: -1
[2013-11-17 03:42:00] EDIT FirstApp/controllers/dispatchcont.py: 0
[2013-11-17 05:04:53] EDIT FirstApp/controllers/default.py: 2
[2013-11-17 05:06:44] EDIT FirstApp/views/default/tracking.html: 0
[2013-11-17 05:07:29] EDIT FirstApp/views/default/tracking.html: -1
[2013-11-17 05:07:43] EDIT FirstApp/views/default/tracking.html: 0
[2013-11-17 05:07:46] EDIT FirstApp/views/default/tracking.html: 0
[2013-11-17 05:07:55] EDIT FirstApp/views/default/tracking.html: 0
[2013-11-17 05:08:01] EDIT FirstApp/views/default/tracking.html: 0
[2013-11-17 05:08:12] EDIT FirstApp/views/default/tracking.html: 0
[2013-11-17 05:08:32] EDIT FirstApp/views/default/tracking.html: 0
[2013-11-17 05:08:44] EDIT FirstApp/views/default/tracking.html: 0
[2013-11-17 05:09:38] EDIT FirstApp/controllers/default.py: 0
[2013-11-17 05:10:09] EDIT FirstApp/views/default/tracking.html: 0
[2013-11-17 05:10:28] EDIT FirstApp/views/default/tracking.html: 0
[2013-11-17 05:11:17] EDIT FirstApp/views/default/tracking.html: 0
[2013-11-17 05:11:40] EDIT FirstApp/controllers/default.py: 1
[2013-11-17 05:15:01] EDIT FirstApp/controllers/default.py: 5
[2013-11-17 05:15:50] EDIT FirstApp/controllers/default.py: 1
[2013-11-17 05:16:00] EDIT FirstApp/controllers/default.py: 1
[2013-11-17 05:16:31] EDIT FirstApp/controllers/default.py: 0
[2013-11-17 05:17:10] EDIT FirstApp/controllers/default.py: 1
[2013-11-17 05:17:49] EDIT FirstApp/controllers/default.py: 0
[2013-11-17 05:18:41] EDIT FirstApp/controllers/default.py: 2
[2013-11-17 05:18:51] EDIT FirstApp/controllers/default.py: 1
[2013-11-17 05:20:06] EDIT FirstApp/controllers/default.py: -2
[2013-11-17 05:22:36] EDIT FirstApp/controllers/default.py: 3
[2013-11-17 05:22:50] EDIT FirstApp/views/default/tracking.html: -1
[2013-11-17 05:23:57] EDIT FirstApp/views/default/tracking.html: 7
[2013-11-17 05:24:02] EDIT FirstApp/views/default/tracking.html: 0
[2013-11-17 05:24:17] EDIT FirstApp/views/default/tracking.html: 3
[2013-11-17 05:24:21] EDIT FirstApp/views/default/tracking.html: 0
[2013-11-17 05:24:31] EDIT FirstApp/views/default/tracking.html: 0
[2013-11-17 05:24:40] EDIT FirstApp/views/default/tracking.html: 1
[2013-11-17 05:25:10] EDIT FirstApp/views/default/tracking.html: 0
[2013-11-17 05:25:45] EDIT FirstApp/controllers/default.py: 1
[2013-11-17 05:26:11] EDIT FirstApp/views/default/tracking.html: 0
[2013-11-17 05:27:23] EDIT FirstApp/views/default/tracking.html: 0
[2013-11-17 05:27:41] EDIT FirstApp/views/default/tracking.html: 0
[2013-11-17 05:28:02] EDIT FirstApp/controllers/default.py: 0
[2013-11-17 05:30:01] EDIT FirstApp/controllers/default.py: 0
[2013-11-17 05:30:07] EDIT FirstApp/views/default/tracking.html: 0
[2013-11-17 05:30:39] EDIT FirstApp/views/default/tracking.html: 3
[2013-11-17 05:30:44] EDIT FirstApp/views/default/tracking.html: 0
[2013-11-17 05:30:49] EDIT FirstApp/views/default/tracking.html: 0
[2013-11-17 05:33:34] EDIT FirstApp/views/default/tracking.html: -1
[2013-11-17 05:34:24] EDIT FirstApp/controllers/default.py: 1
[2013-11-17 05:34:39] EDIT FirstApp/controllers/default.py: 0
[2013-11-17 05:34:46] EDIT FirstApp/controllers/default.py: 0
[2013-11-17 05:34:49] EDIT FirstApp/controllers/default.py: 0
[2013-11-17 05:35:17] EDIT FirstApp/controllers/default.py: 1
[2013-11-17 05:35:53] EDIT FirstApp/controllers/default.py: 0
[2013-11-17 05:36:55] EDIT FirstApp/controllers/default.py: 0
[2013-11-17 05:37:21] EDIT FirstApp/controllers/default.py: 1
[2013-11-17 05:37:56] EDIT FirstApp/controllers/default.py: 0
[2013-11-17 05:38:26] EDIT FirstApp/controllers/default.py: 0
[2013-11-17 05:39:27] EDIT FirstApp/views/default/tracking.html: 0
[2013-11-17 05:39:35] EDIT FirstApp/views/default/tracking.html: 0
[2013-11-17 05:39:59] EDIT FirstApp/views/default/tracking.html: 0
[2013-11-17 05:40:31] EDIT FirstApp/controllers/default.py: 0
[2013-11-17 05:41:11] EDIT FirstApp/views/default/tracking.html: 0
[2013-11-17 05:41:19] EDIT FirstApp/views/default/tracking.html: 0
[2013-11-17 05:41:26] EDIT FirstApp/controllers/default.py: 1
[2013-11-17 05:42:05] EDIT FirstApp/views/default/tracking.html: 0
[2013-11-17 05:42:08] EDIT FirstApp/views/default/tracking.html: 0
[2013-11-17 05:42:46] EDIT FirstApp/controllers/default.py: 1
[2013-11-17 05:43:42] EDIT FirstApp/controllers/default.py: -1
[2013-11-17 05:44:07] EDIT FirstApp/controllers/default.py: 0
[2013-11-17 05:44:13] EDIT FirstApp/controllers/default.py: 0
[2013-11-17 05:45:14] EDIT FirstApp/controllers/default.py: -1
[2013-11-17 05:45:37] EDIT FirstApp/controllers/default.py: 0
[2013-11-17 05:45:47] EDIT FirstApp/controllers/default.py: 1
[2013-11-17 05:46:00] EDIT FirstApp/controllers/default.py: -1
[2013-11-17 05:48:21] EDIT FirstApp/views/default/tracking.html: 0
[2013-11-17 05:49:02] EDIT FirstApp/views/default/tracking.html: 0
[2013-11-17 05:49:13] EDIT FirstApp/views/default/tracking.html: 0
[2013-11-17 05:49:54] EDIT FirstApp/controllers/default.py: 1
[2013-11-17 13:38:45] EDIT FirstApp/controllers/default.py: 3
[2013-11-17 13:38:47] EDIT FirstApp/controllers/default.py: 0
[2013-11-17 13:45:43] EDIT FirstApp/controllers/default.py: 9
[2013-11-17 13:50:33] EDIT FirstApp/controllers/default.py: 3
[2013-11-17 13:50:37] EDIT FirstApp/controllers/default.py: 0
[2013-11-17 13:50:46] EDIT FirstApp/controllers/default.py: 1
[2013-11-17 13:50:50] EDIT FirstApp/controllers/default.py: -1
[2013-11-17 13:51:36] EDIT FirstApp/controllers/default.py: 0
[2013-11-17 13:51:55] EDIT FirstApp/controllers/default.py: 0
[2013-11-17 15:10:45] EDIT FirstApp/controllers/dispatchcont.py: 0
[2013-11-17 15:11:31] EDIT FirstApp/controllers/dispatchcont.py: 0
[2013-11-17 15:12:28] EDIT FirstApp/controllers/default.py: 0
[2013-11-17 15:12:39] EDIT FirstApp/controllers/default.py: 0
[2013-11-17 15:12:52] EDIT FirstApp/controllers/default.py: 0
[2013-11-17 15:13:03] EDIT FirstApp/controllers/default.py: 0
[2013-11-17 15:13:27] EDIT FirstApp/controllers/delivercont.py: 0
[2013-11-17 15:13:35] EDIT FirstApp/controllers/delivercont.py: 0
[2013-11-17 15:14:06] EDIT FirstApp/controllers/dispatchcont.py: 0
[2013-11-17 15:14:14] EDIT FirstApp/controllers/receivecont.py: 0
[2013-11-17 15:14:22] EDIT FirstApp/controllers/receivecont.py: 0
[2013-11-17 15:14:34] EDIT FirstApp/controllers/historycont.py: 0
[2013-11-17 15:14:43] EDIT FirstApp/controllers/historycont.py: 0
[2013-11-17 15:20:28] EDIT FirstApp/controllers/dispatchcont.py: 0
[2013-11-17 15:22:21] EDIT FirstApp/controllers/dispatchcont.py: 0
[2013-11-17 15:26:09] EDIT FirstApp/models/product_db.py: 1
[2013-11-17 15:26:29] EDIT FirstApp/models/product_db.py: 0
[2013-11-17 15:26:59] EDIT FirstApp/models/product_db.py: 0
[2013-11-17 15:27:42] EDIT FirstApp/controllers/dispatchcont.py: 0
[2013-11-17 15:28:45] EDIT FirstApp/controllers/historycont.py: 0
[2013-11-17 15:34:00] EDIT FirstApp/views/dispatchcont/dispatch.html: 0
[2013-11-17 15:49:50] EDIT FirstApp/views/default/tracking.html: 1
[2013-11-17 15:51:56] EDIT FirstApp/views/default/tracking.html: 0
[2013-11-17 15:52:45] EDIT FirstApp/views/default/tracking.html: -1
[2013-11-17 15:52:51] EDIT FirstApp/views/default/tracking.html: -1
[2013-11-17 15:53:29] EDIT FirstApp/views/default/tracking.html: 0
[2013-11-17 15:55:58] EDIT FirstApp/views/default/tracking.html: 8
[2013-11-17 15:56:23] EDIT FirstApp/views/default/tracking.html: -4
[2013-11-17 15:56:31] EDIT FirstApp/views/default/tracking.html: 3
[2013-11-17 15:58:23] EDIT FirstApp/views/default/tracking.html: 1
[2013-11-17 15:59:02] EDIT FirstApp/views/default/tracking.html: 0
[2013-11-17 15:59:23] EDIT FirstApp/views/default/tracking.html: 2
[2013-11-17 15:59:41] EDIT FirstApp/views/default/tracking.html: 0
[2013-11-17 16:00:21] EDIT FirstApp/views/default/tracking.html: -1
[2013-11-17 16:00:28] EDIT FirstApp/views/default/tracking.html: 0
[2013-11-17 16:00:50] EDIT FirstApp/views/default/tracking.html: 0
[2013-11-17 16:00:59] EDIT FirstApp/views/default/tracking.html: -3
[2013-11-17 16:02:33] EDIT FirstApp/views/default/tracking.html: 0
[2013-11-17 16:02:44] EDIT FirstApp/views/default/tracking.html: -6
[2013-11-17 16:03:02] EDIT FirstApp/views/default/tracking.html: 0
[2013-11-17 16:05:41] EDIT FirstApp/views/default/tracking.html: 1
[2013-11-17 16:06:05] EDIT FirstApp/views/default/tracking.html: -6
[2013-11-17 16:06:11] EDIT FirstApp/views/default/tracking.html: 1
[2013-11-17 16:06:36] EDIT FirstApp/views/default/tracking.html: -1
[2013-11-17 16:11:09] EDIT FirstApp/views/default/tracking.html: 3
[2013-11-17 16:11:22] EDIT FirstApp/views/default/tracking.html: 1
[2013-11-17 16:11:56] EDIT FirstApp/views/default/tracking.html: 3
[2013-11-17 16:13:20] EDIT FirstApp/views/default/tracking.html: 3
[2013-11-17 16:13:27] EDIT FirstApp/views/default/tracking.html: 0
[2013-11-17 16:14:06] EDIT FirstApp/views/default/tracking.html: 0
[2013-11-17 16:14:48] EDIT FirstApp/views/default/tracking.html: -1
[2013-11-17 16:18:17] EDIT FirstApp/views/default/tracking.html: -1
[2013-11-17 16:19:45] EDIT FirstApp/views/default/tracking.html: 0
[2013-11-17 16:23:18] EDIT FirstApp/views/default/tracking.html: 0
[2013-11-17 16:23:32] EDIT FirstApp/views/default/tracking.html: 0
[2013-11-17 16:24:08] EDIT FirstApp/views/default/tracking.html: 0
[2013-11-17 16:24:11] EDIT FirstApp/views/default/tracking.html: 0
[2013-11-17 16:24:32] EDIT FirstApp/views/default/tracking.html: 0
[2013-11-17 16:24:46] EDIT FirstApp/views/default/tracking.html: 0
[2013-11-17 16:27:51] EDIT FirstApp/views/default/tracking.html: 0
[2013-11-17 16:28:00] EDIT FirstApp/views/default/tracking.html: 0
[2013-11-17 16:28:27] EDIT FirstApp/views/default/tracking.html: 0
[2013-11-17 16:28:33] EDIT FirstApp/views/default/tracking.html: 0
[2013-11-17 16:29:39] EDIT FirstApp/views/default/tracking.html: 0
[2013-11-17 16:31:06] EDIT FirstApp/views/default/tracking.html: 0
[2013-11-17 16:31:10] EDIT FirstApp/views/default/tracking.html: 0
[2013-11-17 16:31:55] EDIT FirstApp/views/default/tracking.html: 0
[2013-11-17 16:33:23] EDIT FirstApp/views/default/tracking.html: 1
[2013-11-17 16:34:45] EDIT FirstApp/views/default/tracking.html: 0
[2013-11-17 16:34:49] EDIT FirstApp/views/default/tracking.html: -3
[2013-11-17 16:35:10] EDIT FirstApp/views/default/tracking.html: 1
[2013-11-17 16:35:48] EDIT FirstApp/views/default/tracking.html: 0
[2013-11-17 16:37:08] EDIT FirstApp/controllers/default.py: 2
[2013-11-17 16:37:11] EDIT FirstApp/controllers/default.py: 0
[2013-11-17 16:37:53] EDIT FirstApp/controllers/default.py: 2
[2013-11-17 16:38:20] EDIT FirstApp/controllers/default.py: 2
[2013-11-17 16:39:13] EDIT FirstApp/controllers/default.py: 0
[2013-11-17 16:39:18] EDIT FirstApp/controllers/default.py: 0
[2013-11-17 16:40:24] EDIT FirstApp/views/default/tracking.html: 0
[2013-11-17 16:41:00] EDIT FirstApp/views/default/tracking.html: 2
[2013-11-17 16:41:04] EDIT FirstApp/views/default/tracking.html: 0
[2013-11-17 16:41:49] EDIT FirstApp/views/default/tracking.html: 0
[2013-11-17 16:43:07] EDIT FirstApp/views/default/tracking.html: 0
[2013-11-17 16:44:06] EDIT FirstApp/views/default/tracking.html: 0
[2013-11-17 16:47:34] EDIT FirstApp/controllers/default.py: 2
[2013-11-17 16:49:22] EDIT FirstApp/controllers/default.py: 1
[2013-11-17 16:49:28] EDIT FirstApp/controllers/default.py: 1
[2013-11-17 16:49:51] EDIT FirstApp/controllers/default.py: 0
[2013-11-17 16:51:54] EDIT FirstApp/controllers/default.py: 0
[2013-11-17 16:54:53] EDIT FirstApp/controllers/default.py: 0
[2013-11-17 17:08:18] EDIT FirstApp/views/default/tracking.html: 1
[2013-11-17 17:09:07] EDIT FirstApp/views/default/tracking.html: 0
[2013-11-17 17:09:15] EDIT FirstApp/views/default/tracking.html: 0
[2013-11-17 17:09:36] EDIT FirstApp/views/default/tracking.html: 0
[2013-11-17 17:11:30] EDIT FirstApp/views/default/tracking.html: 0
[2013-11-17 17:12:08] EDIT FirstApp/views/default/tracking.html: 0
[2013-11-17 17:12:23] EDIT FirstApp/views/default/tracking.html: 0
[2013-11-17 17:12:42] EDIT FirstApp/views/default/tracking.html: 0
[2013-11-17 17:15:53] EDIT FirstApp/views/default/tracking.html: 2
[2013-11-17 17:16:32] EDIT FirstApp/views/default/tracking.html: 0
[2013-11-17 17:18:59] EDIT FirstApp/views/default/tracking.html: 0
[2013-11-17 17:21:51] EDIT FirstApp/views/default/tracking.html: 6
[2013-11-17 17:22:05] EDIT FirstApp/views/default/tracking.html: 0
[2013-11-17 17:23:48] EDIT FirstApp/views/default/tracking.html: 1
[2013-11-17 17:34:35] EDIT FirstApp/controllers/default.py: 1
[2013-11-17 17:37:42] EDIT FirstApp/controllers/default.py: 0
[2013-11-17 17:38:03] EDIT FirstApp/controllers/default.py: 0
[2013-11-17 17:38:19] EDIT FirstApp/controllers/default.py: 0
[2013-11-17 17:38:38] EDIT FirstApp/controllers/default.py: -1
[2013-11-17 17:38:46] EDIT FirstApp/controllers/default.py: 1
[2013-11-17 17:38:58] EDIT FirstApp/controllers/default.py: 0
[2013-11-17 17:39:04] EDIT FirstApp/controllers/default.py: 0
[2013-11-17 17:39:10] EDIT FirstApp/controllers/default.py: -1
[2013-11-17 17:39:16] EDIT FirstApp/controllers/default.py: 1
[2013-11-17 17:39:19] EDIT FirstApp/controllers/default.py: 0
[2013-11-17 17:39:55] EDIT FirstApp/controllers/default.py: 0
[2013-11-17 17:40:43] EDIT FirstApp/controllers/default.py: 2
[2013-11-17 17:40:51] EDIT FirstApp/controllers/default.py: 0
[2013-11-17 17:40:52] EDIT FirstApp/controllers/default.py: 0
[2013-11-17 17:42:02] EDIT FirstApp/controllers/default.py: 0
[2013-11-17 17:44:09] EDIT FirstApp/controllers/default.py: 6
[2013-11-17 17:44:36] EDIT FirstApp/controllers/default.py: 1
[2013-11-17 17:48:24] EDIT FirstApp/controllers/default.py: 2
[2013-11-17 17:48:35] EDIT FirstApp/controllers/default.py: 0
[2013-11-17 17:48:43] EDIT FirstApp/controllers/default.py: 0
[2013-11-17 17:52:24] EDIT FirstApp/controllers/default.py: 1
[2013-11-17 17:52:49] EDIT FirstApp/controllers/default.py: 1
[2013-11-17 18:50:54] EDIT FirstApp/views/layouttrack.html: 2
[2013-11-17 18:51:29] EDIT FirstApp/views/layouttrack.html: -2
[2013-11-17 18:51:52] EDIT FirstApp/views/tracking.html: 0
[2013-11-17 18:52:27] EDIT FirstApp/views/layouttrack.html: 0
[2013-11-17 18:53:19] EDIT FirstApp/views/tracking.html: 0
[2013-11-17 18:53:19] EDIT FirstApp/views/tracking.html: 0
[2013-11-17 18:54:19] EDIT FirstApp/views/default/tracking.html: 0
[2013-11-17 18:57:43] EDIT FirstApp/views/default/tracking.html: 0
[2013-11-17 19:14:04] EDIT FirstApp/controllers/receivecont.py: 0
[2013-11-17 19:14:20] EDIT FirstApp/controllers/receivecont.py: 0
[2013-11-17 19:15:22] EDIT FirstApp/controllers/receivecont.py: 1
[2013-11-17 19:15:57] EDIT FirstApp/controllers/receivecont.py: -1
[2013-11-17 19:16:29] EDIT FirstApp/controllers/receivecont.py: 2
[2013-11-17 19:16:48] EDIT FirstApp/controllers/receivecont.py: -1
[2013-11-17 19:17:01] EDIT FirstApp/controllers/receivecont.py: 0
[2013-11-17 19:21:15] EDIT FirstApp/controllers/delivercont.py: 0
[2013-11-17 19:21:41] EDIT FirstApp/controllers/dispatchcont.py: 0
[2013-11-17 19:35:17] EDIT FirstApp/controllers/historycont.py: 1
[2013-11-17 19:38:20] EDIT FirstApp/controllers/dispatchcont.py: 0
[2013-11-17 19:38:45] EDIT FirstApp/controllers/delivercont.py: 0
[2013-11-17 19:39:11] EDIT FirstApp/controllers/receivecont.py: 0
[2013-11-17 19:41:55] EDIT FirstApp/controllers/default.py: -1
[2013-11-17 20:09:26] EDIT FirstApp/controllers/dispatchcont.py: 0
[2013-11-17 19:03:13] EDIT AC/views/layout.html: 0
[2013-11-17 19:05:39] UPLOAD /home/alphacentauri/web2py/applications/AC/static/logo: 62
[2013-11-18 00:53:37] EDIT AC/views/layout.html: 1
[2013-11-18 00:53:46] EDIT AC/views/layout.html: 0
[2013-11-18 00:54:02] EDIT AC/views/layout.html: 0
[2013-11-18 00:54:26] EDIT AC/views/layout.html: 0
[2013-11-18 00:54:50] EDIT AC/views/layout.html: 0
[2013-11-18 00:55:04] EDIT AC/views/layout.html: 0
[2013-11-18 00:55:43] EDIT AC/views/layout.html: -1
[2013-11-18 00:55:49] EDIT AC/views/layout.html: 0
[2013-11-18 01:04:39] EDIT AC/controllers/default.py: 0
[2013-11-18 01:06:01] EDIT AC/controllers/default.py: 0
[2013-11-18 01:07:06] EDIT AC/controllers/default.py: 1
[2013-11-18 01:08:38] EDIT AC/controllers/default.py: 1
[2013-11-18 01:09:52] EDIT AC/controllers/default.py: 1
[2013-11-17 20:16:00] EDIT AC/controllers/default.py: 0
